<?xml version="1.0" encoding="UTF-8"?>
<!-- Generated by org.testng.reporters.JUnitXMLReporter -->
<testsuite ignored="0" hostname="DESKTOP-SCKHA1S" failures="0" tests="5" name="Default test" time="27.398" errors="0" timestamp="2020-11-08T12:15:49 IST">
  <testcase classname="optitex.tests.TC31LoginWrongUserFromExcel" name="loginElearningWrongUser" time="3.872"/>
  <testcase classname="optitex.tests.TC31LoginWrongUserFromExcel" name="loginElearningWrongUser" time="2.571"/>
  <testcase classname="optitex.tests.TC31LoginWrongUserFromExcel" name="loginElearningWrongUser" time="2.575"/>
  <testcase classname="optitex.tests.TC31LoginWrongUserFromExcel" name="loginElearningWrongUser" time="2.577"/>
  <testcase classname="optitex.tests.TC31LoginWrongUserFromExcel" name="loginElearningWrongUser" time="2.553"/>
</testsuite> <!-- Default test -->
