<?xml version="1.0" encoding="UTF-8"?>
<testng-results ignored="0" total="5" passed="5" failed="0" skipped="0">
  <reporter-output>
  </reporter-output>
  <suite started-at="2020-11-08T12:15:22 IST" name="Default suite" finished-at="2020-11-08T12:15:49 IST" duration-ms="27398">
    <groups>
    </groups>
    <test started-at="2020-11-08T12:15:22 IST" name="Default test" finished-at="2020-11-08T12:15:49 IST" duration-ms="27398">
      <class name="optitex.tests.TC31LoginWrongUserFromExcel">
        <test-method is-config="true" signature="setup(org.testng.ITestContext)[pri:0, instance:optitex.tests.TC31LoginWrongUserFromExcel@50d3bf39]" started-at="2020-11-08T12:15:22 IST" name="setup" finished-at="2020-11-08T12:15:33 IST" duration-ms="11355" status="PASS">
          <params>
            <param index="0">
              <value>
                <![CDATA[org.testng.TestRunner@73dd0f23]]>
              </value>
            </param>
          </params>
          <reporter-output>
          </reporter-output>
        </test-method> <!-- setup -->
        <test-method signature="loginElearningWrongUser(java.lang.String, java.lang.String)[pri:0, instance:optitex.tests.TC31LoginWrongUserFromExcel@50d3bf39]" started-at="2020-11-08T12:15:34 IST" name="loginElearningWrongUser" description="Login with wrong username" data-provider="getDataFromExcel" finished-at="2020-11-08T12:15:38 IST" duration-ms="3872" status="PASS">
          <params>
            <param index="0">
              <value>
                <![CDATA[111@gmail.com]]>
              </value>
            </param>
            <param index="1">
              <value>
                <![CDATA[111]]>
              </value>
            </param>
          </params>
          <reporter-output>
          </reporter-output>
        </test-method> <!-- loginElearningWrongUser -->
        <test-method signature="loginElearningWrongUser(java.lang.String, java.lang.String)[pri:0, instance:optitex.tests.TC31LoginWrongUserFromExcel@50d3bf39]" started-at="2020-11-08T12:15:38 IST" name="loginElearningWrongUser" description="Login with wrong username" data-provider="getDataFromExcel" finished-at="2020-11-08T12:15:41 IST" duration-ms="2571" status="PASS">
          <params>
            <param index="0">
              <value>
                <![CDATA[222@gmail.com]]>
              </value>
            </param>
            <param index="1">
              <value>
                <![CDATA[222]]>
              </value>
            </param>
          </params>
          <reporter-output>
          </reporter-output>
        </test-method> <!-- loginElearningWrongUser -->
        <test-method signature="loginElearningWrongUser(java.lang.String, java.lang.String)[pri:0, instance:optitex.tests.TC31LoginWrongUserFromExcel@50d3bf39]" started-at="2020-11-08T12:15:41 IST" name="loginElearningWrongUser" description="Login with wrong username" data-provider="getDataFromExcel" finished-at="2020-11-08T12:15:43 IST" duration-ms="2575" status="PASS">
          <params>
            <param index="0">
              <value>
                <![CDATA[333@gmail.com]]>
              </value>
            </param>
            <param index="1">
              <value>
                <![CDATA[333]]>
              </value>
            </param>
          </params>
          <reporter-output>
          </reporter-output>
        </test-method> <!-- loginElearningWrongUser -->
        <test-method signature="loginElearningWrongUser(java.lang.String, java.lang.String)[pri:0, instance:optitex.tests.TC31LoginWrongUserFromExcel@50d3bf39]" started-at="2020-11-08T12:15:44 IST" name="loginElearningWrongUser" description="Login with wrong username" data-provider="getDataFromExcel" finished-at="2020-11-08T12:15:46 IST" duration-ms="2577" status="PASS">
          <params>
            <param index="0">
              <value>
                <![CDATA[444@gmail.com]]>
              </value>
            </param>
            <param index="1">
              <value>
                <![CDATA[444]]>
              </value>
            </param>
          </params>
          <reporter-output>
          </reporter-output>
        </test-method> <!-- loginElearningWrongUser -->
        <test-method signature="loginElearningWrongUser(java.lang.String, java.lang.String)[pri:0, instance:optitex.tests.TC31LoginWrongUserFromExcel@50d3bf39]" started-at="2020-11-08T12:15:46 IST" name="loginElearningWrongUser" description="Login with wrong username" data-provider="getDataFromExcel" finished-at="2020-11-08T12:15:49 IST" duration-ms="2553" status="PASS">
          <params>
            <param index="0">
              <value>
                <![CDATA[555@gmail.com]]>
              </value>
            </param>
            <param index="1">
              <value>
                <![CDATA[555]]>
              </value>
            </param>
          </params>
          <reporter-output>
          </reporter-output>
        </test-method> <!-- loginElearningWrongUser -->
        <test-method is-config="true" signature="tearDown()[pri:0, instance:optitex.tests.TC31LoginWrongUserFromExcel@50d3bf39]" started-at="2020-11-08T12:15:49 IST" name="tearDown" finished-at="2020-11-08T12:15:49 IST" duration-ms="654" status="PASS">
          <reporter-output>
          </reporter-output>
        </test-method> <!-- tearDown -->
      </class> <!-- optitex.tests.TC31LoginWrongUserFromExcel -->
    </test> <!-- Default test -->
  </suite> <!-- Default suite -->
</testng-results>
